{"/home/ubuntu/workspace/app.js":{"path":"/home/ubuntu/workspace/app.js","s":{"1":1,"2":1,"3":1,"4":1,"5":1,"6":1,"7":1,"8":1,"9":1,"10":1,"11":1,"12":1,"13":33,"14":33,"15":33,"16":33,"17":1,"18":1,"19":1,"20":1,"21":1,"22":1,"23":33,"24":33,"25":1,"26":1,"27":1,"28":1,"29":1,"30":1,"31":1,"32":1,"33":1,"34":1,"35":0,"36":0,"37":0,"38":1,"39":1,"40":1,"41":1,"42":1},"b":{"1":[0,1],"2":[0,0]},"f":{"1":33,"2":33,"3":0,"4":1},"fnMap":{"1":{"name":"(anonymous_1)","line":49,"loc":{"start":{"line":49,"column":8},"end":{"line":49,"column":32}}},"2":{"name":"(anonymous_2)","line":63,"loc":{"start":{"line":63,"column":8},"end":{"line":63,"column":32}}},"3":{"name":"(anonymous_3)","line":98,"loc":{"start":{"line":98,"column":10},"end":{"line":98,"column":40}},"skip":true},"4":{"name":"(anonymous_4)","line":104,"loc":{"start":{"line":104,"column":45},"end":{"line":104,"column":55}}}},"statementMap":{"1":{"start":{"line":1,"column":0},"end":{"line":14,"column":40}},"2":{"start":{"line":17,"column":0},"end":{"line":17,"column":14}},"3":{"start":{"line":19,"column":0},"end":{"line":19,"column":24}},"4":{"start":{"line":21,"column":0},"end":{"line":21,"column":43}},"5":{"start":{"line":23,"column":0},"end":{"line":23,"column":18}},"6":{"start":{"line":25,"column":0},"end":{"line":25,"column":24}},"7":{"start":{"line":27,"column":0},"end":{"line":27,"column":34}},"8":{"start":{"line":28,"column":0},"end":{"line":28,"column":42}},"9":{"start":{"line":34,"column":0},"end":{"line":34,"column":69}},"10":{"start":{"line":36,"column":0},"end":{"line":44,"column":4}},"11":{"start":{"line":47,"column":0},"end":{"line":47,"column":17}},"12":{"start":{"line":49,"column":0},"end":{"line":54,"column":3}},"13":{"start":{"line":50,"column":4},"end":{"line":50,"column":38}},"14":{"start":{"line":51,"column":4},"end":{"line":51,"column":46}},"15":{"start":{"line":52,"column":4},"end":{"line":52,"column":42}},"16":{"start":{"line":53,"column":4},"end":{"line":53,"column":11}},"17":{"start":{"line":56,"column":0},"end":{"line":56,"column":31}},"18":{"start":{"line":57,"column":0},"end":{"line":57,"column":28}},"19":{"start":{"line":59,"column":0},"end":{"line":59,"column":53}},"20":{"start":{"line":60,"column":0},"end":{"line":60,"column":45}},"21":{"start":{"line":61,"column":0},"end":{"line":61,"column":49}},"22":{"start":{"line":63,"column":0},"end":{"line":66,"column":3}},"23":{"start":{"line":64,"column":4},"end":{"line":64,"column":38}},"24":{"start":{"line":65,"column":4},"end":{"line":65,"column":11}},"25":{"start":{"line":69,"column":0},"end":{"line":71,"column":47}},"26":{"start":{"line":74,"column":0},"end":{"line":74,"column":71}},"27":{"start":{"line":77,"column":0},"end":{"line":77,"column":29}},"28":{"start":{"line":79,"column":0},"end":{"line":79,"column":35}},"29":{"start":{"line":81,"column":0},"end":{"line":85,"column":4}},"30":{"start":{"line":88,"column":0},"end":{"line":88,"column":49}},"31":{"start":{"line":90,"column":0},"end":{"line":90,"column":27}},"32":{"start":{"line":91,"column":0},"end":{"line":91,"column":32}},"33":{"start":{"line":92,"column":0},"end":{"line":92,"column":29}},"34":{"start":{"line":97,"column":0},"end":{"line":102,"column":1},"skip":true},"35":{"start":{"line":98,"column":2},"end":{"line":101,"column":5},"skip":true},"36":{"start":{"line":99,"column":4},"end":{"line":99,"column":29},"skip":true},"37":{"start":{"line":100,"column":4},"end":{"line":100,"column":38},"skip":true},"38":{"start":{"line":104,"column":0},"end":{"line":108,"column":3}},"39":{"start":{"line":105,"column":4},"end":{"line":105,"column":45}},"40":{"start":{"line":106,"column":4},"end":{"line":106,"column":48}},"41":{"start":{"line":107,"column":4},"end":{"line":107,"column":45}},"42":{"start":{"line":111,"column":0},"end":{"line":111,"column":21}}},"branchMap":{"1":{"line":97,"type":"if","locations":[{"start":{"line":97,"column":0},"end":{"line":97,"column":0},"skip":true},{"start":{"line":97,"column":0},"end":{"line":97,"column":0},"skip":true}]},"2":{"line":100,"type":"binary-expr","locations":[{"start":{"line":100,"column":19},"end":{"line":100,"column":29},"skip":true},{"start":{"line":100,"column":33},"end":{"line":100,"column":36},"skip":true}]}}},"/home/ubuntu/workspace/models/user.js":{"path":"/home/ubuntu/workspace/models/user.js","s":{"1":1,"2":1,"3":1,"4":1},"b":{},"f":{},"fnMap":{},"statementMap":{"1":{"start":{"line":1,"column":0},"end":{"line":2,"column":65}},"2":{"start":{"line":4,"column":0},"end":{"line":21,"column":3}},"3":{"start":{"line":23,"column":0},"end":{"line":23,"column":41}},"4":{"start":{"line":25,"column":0},"end":{"line":25,"column":52}}},"branchMap":{}},"/home/ubuntu/workspace/routes/recipes.js":{"path":"/home/ubuntu/workspace/routes/recipes.js","s":{"1":1,"2":1,"3":2,"4":2,"5":1,"6":3,"7":3,"8":3,"9":3,"10":3,"11":3,"12":3,"13":3,"14":3,"15":2,"16":1,"17":0,"18":0,"19":0,"20":1,"21":1,"22":1,"23":1,"24":1,"25":1,"26":1,"27":1,"28":1,"29":1,"30":1,"31":0,"32":0,"33":0,"34":0,"35":1,"36":1,"37":1,"38":0,"39":0,"40":0,"41":0,"42":0,"43":0,"44":0,"45":0,"46":0,"47":0,"48":0,"49":0,"50":0,"51":0,"52":0,"53":0,"54":0,"55":0,"56":0,"57":0,"58":0,"59":0,"60":0,"61":0,"62":0,"63":0,"64":0,"65":0,"66":0,"67":0,"68":0,"69":0,"70":0,"71":0,"72":0,"73":0,"74":0,"75":0,"76":0,"77":0,"78":1,"79":2,"80":2,"81":2,"82":2,"83":2,"84":2,"85":2,"86":1,"87":1,"88":0,"89":0,"90":0,"91":1,"92":0,"93":0,"94":0,"95":0,"96":0,"97":0,"98":0,"99":0,"100":1,"101":0,"102":0,"103":0,"104":0,"105":0,"106":0,"107":0,"108":0,"109":0,"110":0,"111":0,"112":1},"b":{"1":[3,1],"2":[3,0],"3":[3,3],"4":[2,1],"5":[1,1],"6":[1,0],"7":[1,1],"8":[1,0],"9":[0,0],"10":[0,0],"11":[0,0],"12":[0,0],"13":[0,0],"14":[0,0],"15":[0,0],"16":[0,0],"17":[2,0],"18":[2,2],"19":[1,1],"20":[0,0],"21":[0,0],"22":[0,0],"23":[0,0]},"f":{"1":2,"2":3,"3":3,"4":1,"5":1,"6":1,"7":0,"8":0,"9":0,"10":0,"11":0,"12":0,"13":2,"14":2,"15":0,"16":0,"17":0,"18":0,"19":0},"fnMap":{"1":{"name":"(anonymous_1)","line":9,"loc":{"start":{"line":9,"column":41},"end":{"line":9,"column":59}}},"2":{"name":"(anonymous_2)","line":17,"loc":{"start":{"line":17,"column":17},"end":{"line":17,"column":35}}},"3":{"name":"(anonymous_3)","line":22,"loc":{"start":{"line":22,"column":17},"end":{"line":22,"column":50}}},"4":{"name":"(anonymous_4)","line":44,"loc":{"start":{"line":44,"column":24},"end":{"line":44,"column":42}}},"5":{"name":"(anonymous_5)","line":48,"loc":{"start":{"line":48,"column":17},"end":{"line":48,"column":50}}},"6":{"name":"(anonymous_6)","line":70,"loc":{"start":{"line":70,"column":20},"end":{"line":70,"column":38}}},"7":{"name":"(anonymous_7)","line":77,"loc":{"start":{"line":77,"column":47},"end":{"line":77,"column":65}},"skip":true},"8":{"name":"(anonymous_8)","line":80,"loc":{"start":{"line":80,"column":26},"end":{"line":80,"column":50}},"skip":true},"9":{"name":"(anonymous_9)","line":96,"loc":{"start":{"line":96,"column":29},"end":{"line":96,"column":62}},"skip":true},"10":{"name":"(anonymous_10)","line":106,"loc":{"start":{"line":106,"column":50},"end":{"line":106,"column":83}},"skip":true},"11":{"name":"(anonymous_11)","line":113,"loc":{"start":{"line":113,"column":50},"end":{"line":113,"column":83}},"skip":true},"12":{"name":"(anonymous_12)","line":130,"loc":{"start":{"line":130,"column":38},"end":{"line":130,"column":71}},"skip":true},"13":{"name":"(anonymous_13)","line":142,"loc":{"start":{"line":142,"column":33},"end":{"line":142,"column":51}}},"14":{"name":"(anonymous_14)","line":145,"loc":{"start":{"line":145,"column":17},"end":{"line":145,"column":50}}},"15":{"name":"(anonymous_15)","line":167,"loc":{"start":{"line":167,"column":66},"end":{"line":167,"column":84}},"skip":true},"16":{"name":"(anonymous_16)","line":175,"loc":{"start":{"line":175,"column":26},"end":{"line":175,"column":50}},"skip":true},"17":{"name":"(anonymous_17)","line":189,"loc":{"start":{"line":189,"column":73},"end":{"line":189,"column":91}},"skip":true},"18":{"name":"(anonymous_18)","line":192,"loc":{"start":{"line":192,"column":38},"end":{"line":192,"column":64}},"skip":true},"19":{"name":"(anonymous_19)","line":198,"loc":{"start":{"line":198,"column":35},"end":{"line":198,"column":50}},"skip":true}},"statementMap":{"1":{"start":{"line":1,"column":0},"end":{"line":6,"column":35}},"2":{"start":{"line":9,"column":0},"end":{"line":12,"column":3}},"3":{"start":{"line":10,"column":4},"end":{"line":10,"column":119}},"4":{"start":{"line":11,"column":4},"end":{"line":11,"column":47}},"5":{"start":{"line":17,"column":0},"end":{"line":40,"column":3}},"6":{"start":{"line":18,"column":4},"end":{"line":18,"column":34}},"7":{"start":{"line":19,"column":4},"end":{"line":19,"column":43}},"8":{"start":{"line":20,"column":4},"end":{"line":20,"column":37}},"9":{"start":{"line":21,"column":4},"end":{"line":21,"column":109}},"10":{"start":{"line":22,"column":4},"end":{"line":39,"column":7}},"11":{"start":{"line":24,"column":8},"end":{"line":38,"column":9}},"12":{"start":{"line":25,"column":12},"end":{"line":25,"column":40}},"13":{"start":{"line":26,"column":12},"end":{"line":26,"column":32}},"14":{"start":{"line":27,"column":12},"end":{"line":33,"column":13}},"15":{"start":{"line":29,"column":15},"end":{"line":29,"column":77}},"16":{"start":{"line":32,"column":15},"end":{"line":32,"column":58}},"17":{"start":{"line":35,"column":12},"end":{"line":35,"column":50},"skip":true},"18":{"start":{"line":36,"column":12},"end":{"line":36,"column":31},"skip":true},"19":{"start":{"line":37,"column":12},"end":{"line":37,"column":33},"skip":true},"20":{"start":{"line":44,"column":0},"end":{"line":67,"column":3}},"21":{"start":{"line":45,"column":4},"end":{"line":45,"column":43}},"22":{"start":{"line":46,"column":4},"end":{"line":46,"column":37}},"23":{"start":{"line":47,"column":4},"end":{"line":47,"column":95}},"24":{"start":{"line":48,"column":4},"end":{"line":66,"column":7}},"25":{"start":{"line":50,"column":8},"end":{"line":65,"column":9}},"26":{"start":{"line":51,"column":12},"end":{"line":51,"column":40}},"27":{"start":{"line":52,"column":12},"end":{"line":52,"column":32}},"28":{"start":{"line":53,"column":12},"end":{"line":53,"column":30}},"29":{"start":{"line":54,"column":12},"end":{"line":60,"column":13}},"30":{"start":{"line":56,"column":15},"end":{"line":56,"column":70}},"31":{"start":{"line":59,"column":15},"end":{"line":59,"column":54}},"32":{"start":{"line":62,"column":12},"end":{"line":62,"column":50},"skip":true},"33":{"start":{"line":63,"column":12},"end":{"line":63,"column":31},"skip":true},"34":{"start":{"line":64,"column":12},"end":{"line":64,"column":33},"skip":true},"35":{"start":{"line":70,"column":0},"end":{"line":72,"column":3}},"36":{"start":{"line":71,"column":4},"end":{"line":71,"column":31}},"37":{"start":{"line":77,"column":0},"end":{"line":139,"column":3},"skip":true},"38":{"start":{"line":79,"column":4},"end":{"line":79,"column":61},"skip":true},"39":{"start":{"line":80,"column":4},"end":{"line":138,"column":7},"skip":true},"40":{"start":{"line":82,"column":8},"end":{"line":137,"column":9},"skip":true},"41":{"start":{"line":83,"column":12},"end":{"line":83,"column":29},"skip":true},"42":{"start":{"line":85,"column":12},"end":{"line":136,"column":13},"skip":true},"43":{"start":{"line":86,"column":16},"end":{"line":86,"column":47},"skip":true},"44":{"start":{"line":87,"column":16},"end":{"line":87,"column":43},"skip":true},"45":{"start":{"line":88,"column":16},"end":{"line":88,"column":29},"skip":true},"46":{"start":{"line":89,"column":16},"end":{"line":91,"column":17},"skip":true},"47":{"start":{"line":90,"column":20},"end":{"line":90,"column":57},"skip":true},"48":{"start":{"line":92,"column":16},"end":{"line":92,"column":66},"skip":true},"49":{"start":{"line":93,"column":16},"end":{"line":93,"column":49},"skip":true},"50":{"start":{"line":94,"column":16},"end":{"line":94,"column":125},"skip":true},"51":{"start":{"line":95,"column":16},"end":{"line":95,"column":121},"skip":true},"52":{"start":{"line":96,"column":16},"end":{"line":125,"column":19},"skip":true},"53":{"start":{"line":98,"column":20},"end":{"line":124,"column":21},"skip":true},"54":{"start":{"line":99,"column":24},"end":{"line":99,"column":52},"skip":true},"55":{"start":{"line":100,"column":24},"end":{"line":100,"column":42},"skip":true},"56":{"start":{"line":101,"column":24},"end":{"line":101,"column":44},"skip":true},"57":{"start":{"line":102,"column":24},"end":{"line":104,"column":25},"skip":true},"58":{"start":{"line":103,"column":28},"end":{"line":103,"column":52},"skip":true},"59":{"start":{"line":105,"column":24},"end":{"line":119,"column":25},"skip":true},"60":{"start":{"line":106,"column":28},"end":{"line":111,"column":31},"skip":true},"61":{"start":{"line":107,"column":32},"end":{"line":107,"column":64},"skip":true},"62":{"start":{"line":108,"column":32},"end":{"line":108,"column":60},"skip":true},"63":{"start":{"line":110,"column":32},"end":{"line":110,"column":171},"skip":true},"64":{"start":{"line":113,"column":28},"end":{"line":118,"column":31},"skip":true},"65":{"start":{"line":114,"column":32},"end":{"line":114,"column":64},"skip":true},"66":{"start":{"line":115,"column":32},"end":{"line":115,"column":60},"skip":true},"67":{"start":{"line":117,"column":32},"end":{"line":117,"column":138},"skip":true},"68":{"start":{"line":121,"column":24},"end":{"line":121,"column":62},"skip":true},"69":{"start":{"line":122,"column":24},"end":{"line":122,"column":43},"skip":true},"70":{"start":{"line":123,"column":24},"end":{"line":123,"column":45},"skip":true},"71":{"start":{"line":127,"column":16},"end":{"line":127,"column":62},"skip":true},"72":{"start":{"line":128,"column":16},"end":{"line":128,"column":45},"skip":true},"73":{"start":{"line":129,"column":16},"end":{"line":129,"column":121},"skip":true},"74":{"start":{"line":130,"column":16},"end":{"line":135,"column":19},"skip":true},"75":{"start":{"line":131,"column":20},"end":{"line":131,"column":52},"skip":true},"76":{"start":{"line":132,"column":20},"end":{"line":132,"column":48},"skip":true},"77":{"start":{"line":134,"column":20},"end":{"line":134,"column":126},"skip":true},"78":{"start":{"line":142,"column":0},"end":{"line":163,"column":3}},"79":{"start":{"line":143,"column":4},"end":{"line":143,"column":37}},"80":{"start":{"line":144,"column":4},"end":{"line":144,"column":92}},"81":{"start":{"line":145,"column":4},"end":{"line":162,"column":7}},"82":{"start":{"line":147,"column":8},"end":{"line":161,"column":9}},"83":{"start":{"line":148,"column":12},"end":{"line":148,"column":40}},"84":{"start":{"line":149,"column":12},"end":{"line":149,"column":31}},"85":{"start":{"line":150,"column":12},"end":{"line":156,"column":17}},"86":{"start":{"line":152,"column":15},"end":{"line":152,"column":56}},"87":{"start":{"line":155,"column":15},"end":{"line":155,"column":36}},"88":{"start":{"line":158,"column":12},"end":{"line":158,"column":50},"skip":true},"89":{"start":{"line":159,"column":12},"end":{"line":159,"column":31},"skip":true},"90":{"start":{"line":160,"column":12},"end":{"line":160,"column":33},"skip":true},"91":{"start":{"line":167,"column":0},"end":{"line":185,"column":3},"skip":true},"92":{"start":{"line":168,"column":4},"end":{"line":173,"column":6},"skip":true},"93":{"start":{"line":174,"column":4},"end":{"line":174,"column":61},"skip":true},"94":{"start":{"line":175,"column":4},"end":{"line":184,"column":7},"skip":true},"95":{"start":{"line":177,"column":8},"end":{"line":183,"column":9},"skip":true},"96":{"start":{"line":178,"column":12},"end":{"line":178,"column":29},"skip":true},"97":{"start":{"line":180,"column":12},"end":{"line":180,"column":52},"skip":true},"98":{"start":{"line":181,"column":12},"end":{"line":181,"column":29},"skip":true},"99":{"start":{"line":182,"column":12},"end":{"line":182,"column":33},"skip":true},"100":{"start":{"line":189,"column":0},"end":{"line":210,"column":3},"skip":true},"101":{"start":{"line":190,"column":4},"end":{"line":190,"column":34},"skip":true},"102":{"start":{"line":192,"column":4},"end":{"line":209,"column":7},"skip":true},"103":{"start":{"line":193,"column":8},"end":{"line":193,"column":39},"skip":true},"104":{"start":{"line":194,"column":8},"end":{"line":208,"column":9},"skip":true},"105":{"start":{"line":195,"column":12},"end":{"line":207,"column":13},"skip":true},"106":{"start":{"line":196,"column":16},"end":{"line":206,"column":17},"skip":true},"107":{"start":{"line":197,"column":20},"end":{"line":197,"column":50},"skip":true},"108":{"start":{"line":198,"column":20},"end":{"line":205,"column":23},"skip":true},"109":{"start":{"line":200,"column":24},"end":{"line":204,"column":25},"skip":true},"110":{"start":{"line":201,"column":28},"end":{"line":201,"column":45},"skip":true},"111":{"start":{"line":203,"column":28},"end":{"line":203,"column":49},"skip":true},"112":{"start":{"line":212,"column":0},"end":{"line":212,"column":24}}},"branchMap":{"1":{"line":19,"type":"binary-expr","locations":[{"start":{"line":19,"column":15},"end":{"line":19,"column":37}},{"start":{"line":19,"column":41},"end":{"line":19,"column":42}}]},"2":{"line":24,"type":"if","locations":[{"start":{"line":24,"column":8},"end":{"line":24,"column":8}},{"start":{"line":24,"column":8},"end":{"line":24,"column":8},"skip":true}]},"3":{"line":24,"type":"binary-expr","locations":[{"start":{"line":24,"column":12},"end":{"line":24,"column":18}},{"start":{"line":24,"column":22},"end":{"line":24,"column":48}}]},"4":{"line":27,"type":"if","locations":[{"start":{"line":27,"column":12},"end":{"line":27,"column":12}},{"start":{"line":27,"column":12},"end":{"line":27,"column":12}}]},"5":{"line":45,"type":"binary-expr","locations":[{"start":{"line":45,"column":15},"end":{"line":45,"column":37}},{"start":{"line":45,"column":41},"end":{"line":45,"column":42}}]},"6":{"line":50,"type":"if","locations":[{"start":{"line":50,"column":8},"end":{"line":50,"column":8}},{"start":{"line":50,"column":8},"end":{"line":50,"column":8},"skip":true}]},"7":{"line":50,"type":"binary-expr","locations":[{"start":{"line":50,"column":12},"end":{"line":50,"column":18}},{"start":{"line":50,"column":22},"end":{"line":50,"column":48}}]},"8":{"line":54,"type":"if","locations":[{"start":{"line":54,"column":12},"end":{"line":54,"column":12}},{"start":{"line":54,"column":12},"end":{"line":54,"column":12}}]},"9":{"line":82,"type":"if","locations":[{"start":{"line":82,"column":8},"end":{"line":82,"column":8},"skip":true},{"start":{"line":82,"column":8},"end":{"line":82,"column":8},"skip":true}]},"10":{"line":85,"type":"if","locations":[{"start":{"line":85,"column":12},"end":{"line":85,"column":12},"skip":true},{"start":{"line":85,"column":12},"end":{"line":85,"column":12},"skip":true}]},"11":{"line":85,"type":"binary-expr","locations":[{"start":{"line":85,"column":17},"end":{"line":85,"column":45},"skip":true},{"start":{"line":85,"column":51},"end":{"line":85,"column":77},"skip":true}]},"12":{"line":89,"type":"if","locations":[{"start":{"line":89,"column":16},"end":{"line":89,"column":16},"skip":true},{"start":{"line":89,"column":16},"end":{"line":89,"column":16},"skip":true}]},"13":{"line":98,"type":"if","locations":[{"start":{"line":98,"column":20},"end":{"line":98,"column":20},"skip":true},{"start":{"line":98,"column":20},"end":{"line":98,"column":20},"skip":true}]},"14":{"line":98,"type":"binary-expr","locations":[{"start":{"line":98,"column":24},"end":{"line":98,"column":30},"skip":true},{"start":{"line":98,"column":34},"end":{"line":98,"column":60},"skip":true}]},"15":{"line":102,"type":"if","locations":[{"start":{"line":102,"column":24},"end":{"line":102,"column":24},"skip":true},{"start":{"line":102,"column":24},"end":{"line":102,"column":24},"skip":true}]},"16":{"line":105,"type":"if","locations":[{"start":{"line":105,"column":24},"end":{"line":105,"column":24},"skip":true},{"start":{"line":105,"column":24},"end":{"line":105,"column":24},"skip":true}]},"17":{"line":147,"type":"if","locations":[{"start":{"line":147,"column":8},"end":{"line":147,"column":8}},{"start":{"line":147,"column":8},"end":{"line":147,"column":8},"skip":true}]},"18":{"line":147,"type":"binary-expr","locations":[{"start":{"line":147,"column":12},"end":{"line":147,"column":18}},{"start":{"line":147,"column":22},"end":{"line":147,"column":48}}]},"19":{"line":150,"type":"if","locations":[{"start":{"line":150,"column":12},"end":{"line":150,"column":12}},{"start":{"line":150,"column":12},"end":{"line":150,"column":12}}]},"20":{"line":177,"type":"if","locations":[{"start":{"line":177,"column":8},"end":{"line":177,"column":8},"skip":true},{"start":{"line":177,"column":8},"end":{"line":177,"column":8},"skip":true}]},"21":{"line":194,"type":"if","locations":[{"start":{"line":194,"column":8},"end":{"line":194,"column":8},"skip":true},{"start":{"line":194,"column":8},"end":{"line":194,"column":8},"skip":true}]},"22":{"line":196,"type":"if","locations":[{"start":{"line":196,"column":16},"end":{"line":196,"column":16},"skip":true},{"start":{"line":196,"column":16},"end":{"line":196,"column":16},"skip":true}]},"23":{"line":200,"type":"if","locations":[{"start":{"line":200,"column":24},"end":{"line":200,"column":24},"skip":true},{"start":{"line":200,"column":24},"end":{"line":200,"column":24},"skip":true}]}}},"/home/ubuntu/workspace/middleware/index.js":{"path":"/home/ubuntu/workspace/middleware/index.js","s":{"1":1,"2":1,"3":8,"4":0,"5":8,"6":1,"7":2,"8":0,"9":2,"10":1},"b":{"1":[0,8],"2":[8,8],"3":[0,2]},"f":{"1":8,"2":2},"fnMap":{"1":{"name":"(anonymous_1)","line":4,"loc":{"start":{"line":4,"column":27},"end":{"line":4,"column":52}},"skip":true},"2":{"name":"(anonymous_2)","line":13,"loc":{"start":{"line":13,"column":29},"end":{"line":13,"column":54}},"skip":true}},"statementMap":{"1":{"start":{"line":1,"column":0},"end":{"line":1,"column":23}},"2":{"start":{"line":4,"column":0},"end":{"line":10,"column":2},"skip":true},"3":{"start":{"line":5,"column":4},"end":{"line":9,"column":5},"skip":true},"4":{"start":{"line":6,"column":8},"end":{"line":6,"column":22},"skip":true},"5":{"start":{"line":8,"column":8},"end":{"line":8,"column":36},"skip":true},"6":{"start":{"line":13,"column":0},"end":{"line":19,"column":2},"skip":true},"7":{"start":{"line":14,"column":4},"end":{"line":18,"column":5},"skip":true},"8":{"start":{"line":15,"column":8},"end":{"line":15,"column":41},"skip":true},"9":{"start":{"line":17,"column":8},"end":{"line":17,"column":22},"skip":true},"10":{"start":{"line":21,"column":0},"end":{"line":21,"column":31}}},"branchMap":{"1":{"line":5,"type":"if","locations":[{"start":{"line":5,"column":4},"end":{"line":5,"column":4},"skip":true},{"start":{"line":5,"column":4},"end":{"line":5,"column":4},"skip":true}]},"2":{"line":5,"type":"binary-expr","locations":[{"start":{"line":5,"column":7},"end":{"line":5,"column":28},"skip":true},{"start":{"line":5,"column":32},"end":{"line":5,"column":52},"skip":true}]},"3":{"line":14,"type":"if","locations":[{"start":{"line":14,"column":4},"end":{"line":14,"column":4},"skip":true},{"start":{"line":14,"column":4},"end":{"line":14,"column":4},"skip":true}]}}},"/home/ubuntu/workspace/routes/users.js":{"path":"/home/ubuntu/workspace/routes/users.js","s":{"1":1,"2":1,"3":1,"4":1,"5":1,"6":1,"7":1,"8":0,"9":0,"10":0,"11":0,"12":0,"13":1,"14":0,"15":0,"16":0,"17":0,"18":0,"19":1,"20":0,"21":0,"22":0,"23":0,"24":0,"25":1,"26":0,"27":0,"28":0,"29":0,"30":0,"31":0,"32":0,"33":0,"34":1,"35":0,"36":0,"37":0,"38":0,"39":0,"40":1},"b":{"1":[0,0],"2":[0,0],"3":[0,0],"4":[0,0],"5":[0,0]},"f":{"1":0,"2":0,"3":0,"4":0,"5":0,"6":0,"7":0,"8":0,"9":0,"10":0},"fnMap":{"1":{"name":"(anonymous_1)","line":10,"loc":{"start":{"line":10,"column":47},"end":{"line":10,"column":65}},"skip":true},"2":{"name":"(anonymous_2)","line":13,"loc":{"start":{"line":13,"column":26},"end":{"line":13,"column":50}},"skip":true},"3":{"name":"(anonymous_3)","line":26,"loc":{"start":{"line":26,"column":56},"end":{"line":26,"column":74}},"skip":true},"4":{"name":"(anonymous_4)","line":29,"loc":{"start":{"line":29,"column":26},"end":{"line":29,"column":50}},"skip":true},"5":{"name":"(anonymous_5)","line":42,"loc":{"start":{"line":42,"column":54},"end":{"line":42,"column":72}},"skip":true},"6":{"name":"(anonymous_6)","line":45,"loc":{"start":{"line":45,"column":26},"end":{"line":45,"column":50}},"skip":true},"7":{"name":"(anonymous_7)","line":58,"loc":{"start":{"line":58,"column":54},"end":{"line":58,"column":72}},"skip":true},"8":{"name":"(anonymous_8)","line":71,"loc":{"start":{"line":71,"column":60},"end":{"line":71,"column":86}},"skip":true},"9":{"name":"(anonymous_9)","line":85,"loc":{"start":{"line":85,"column":62},"end":{"line":85,"column":80}},"skip":true},"10":{"name":"(anonymous_10)","line":86,"loc":{"start":{"line":86,"column":74},"end":{"line":86,"column":100}},"skip":true}},"statementMap":{"1":{"start":{"line":1,"column":0},"end":{"line":1,"column":37}},"2":{"start":{"line":2,"column":0},"end":{"line":2,"column":35}},"3":{"start":{"line":3,"column":0},"end":{"line":3,"column":37}},"4":{"start":{"line":4,"column":0},"end":{"line":4,"column":38}},"5":{"start":{"line":5,"column":0},"end":{"line":5,"column":44}},"6":{"start":{"line":6,"column":0},"end":{"line":6,"column":43}},"7":{"start":{"line":10,"column":0},"end":{"line":22,"column":3},"skip":true},"8":{"start":{"line":12,"column":4},"end":{"line":12,"column":61},"skip":true},"9":{"start":{"line":13,"column":4},"end":{"line":20,"column":7},"skip":true},"10":{"start":{"line":15,"column":8},"end":{"line":19,"column":9},"skip":true},"11":{"start":{"line":16,"column":12},"end":{"line":16,"column":29},"skip":true},"12":{"start":{"line":18,"column":12},"end":{"line":18,"column":58},"skip":true},"13":{"start":{"line":26,"column":0},"end":{"line":38,"column":3},"skip":true},"14":{"start":{"line":28,"column":4},"end":{"line":28,"column":61},"skip":true},"15":{"start":{"line":29,"column":4},"end":{"line":36,"column":7},"skip":true},"16":{"start":{"line":31,"column":8},"end":{"line":35,"column":9},"skip":true},"17":{"start":{"line":32,"column":12},"end":{"line":32,"column":29},"skip":true},"18":{"start":{"line":34,"column":12},"end":{"line":34,"column":59},"skip":true},"19":{"start":{"line":42,"column":0},"end":{"line":54,"column":3},"skip":true},"20":{"start":{"line":44,"column":4},"end":{"line":44,"column":61},"skip":true},"21":{"start":{"line":45,"column":4},"end":{"line":52,"column":7},"skip":true},"22":{"start":{"line":47,"column":8},"end":{"line":51,"column":9},"skip":true},"23":{"start":{"line":48,"column":12},"end":{"line":48,"column":29},"skip":true},"24":{"start":{"line":50,"column":12},"end":{"line":50,"column":55},"skip":true},"25":{"start":{"line":58,"column":0},"end":{"line":81,"column":3},"skip":true},"26":{"start":{"line":60,"column":4},"end":{"line":60,"column":29},"skip":true},"27":{"start":{"line":61,"column":8},"end":{"line":61,"column":32},"skip":true},"28":{"start":{"line":63,"column":4},"end":{"line":69,"column":6},"skip":true},"29":{"start":{"line":71,"column":4},"end":{"line":79,"column":7},"skip":true},"30":{"start":{"line":73,"column":8},"end":{"line":78,"column":9},"skip":true},"31":{"start":{"line":74,"column":12},"end":{"line":74,"column":29},"skip":true},"32":{"start":{"line":75,"column":12},"end":{"line":75,"column":33},"skip":true},"33":{"start":{"line":77,"column":12},"end":{"line":77,"column":59},"skip":true},"34":{"start":{"line":85,"column":0},"end":{"line":95,"column":3},"skip":true},"35":{"start":{"line":86,"column":4},"end":{"line":94,"column":7},"skip":true},"36":{"start":{"line":88,"column":8},"end":{"line":93,"column":9},"skip":true},"37":{"start":{"line":89,"column":12},"end":{"line":89,"column":29},"skip":true},"38":{"start":{"line":90,"column":12},"end":{"line":90,"column":33},"skip":true},"39":{"start":{"line":92,"column":12},"end":{"line":92,"column":59},"skip":true},"40":{"start":{"line":97,"column":0},"end":{"line":97,"column":24}}},"branchMap":{"1":{"line":15,"type":"if","locations":[{"start":{"line":15,"column":8},"end":{"line":15,"column":8},"skip":true},{"start":{"line":15,"column":8},"end":{"line":15,"column":8},"skip":true}]},"2":{"line":31,"type":"if","locations":[{"start":{"line":31,"column":8},"end":{"line":31,"column":8},"skip":true},{"start":{"line":31,"column":8},"end":{"line":31,"column":8},"skip":true}]},"3":{"line":47,"type":"if","locations":[{"start":{"line":47,"column":8},"end":{"line":47,"column":8},"skip":true},{"start":{"line":47,"column":8},"end":{"line":47,"column":8},"skip":true}]},"4":{"line":73,"type":"if","locations":[{"start":{"line":73,"column":8},"end":{"line":73,"column":8},"skip":true},{"start":{"line":73,"column":8},"end":{"line":73,"column":8},"skip":true}]},"5":{"line":88,"type":"if","locations":[{"start":{"line":88,"column":8},"end":{"line":88,"column":8},"skip":true},{"start":{"line":88,"column":8},"end":{"line":88,"column":8},"skip":true}]}}},"/home/ubuntu/workspace/routes/auth.js":{"path":"/home/ubuntu/workspace/routes/auth.js","s":{"1":1,"2":1,"3":1,"4":1,"5":1,"6":1,"7":1,"8":1,"9":1,"10":1,"11":1,"12":1,"13":1,"14":1,"15":1,"16":1,"17":1,"18":0,"19":0,"20":1,"21":9,"22":1,"23":1,"24":1,"25":1,"26":0,"27":0,"28":0,"29":0,"30":0,"31":0,"32":0,"33":0,"34":0,"35":0,"36":0,"37":0,"38":0,"39":0,"40":0,"41":0,"42":0,"43":0,"44":0,"45":0,"46":1,"47":0,"48":0,"49":0,"50":0,"51":0,"52":0,"53":0,"54":1,"55":0,"56":0,"57":0,"58":0,"59":0,"60":0,"61":0,"62":0,"63":0,"64":0,"65":0,"66":0,"67":0,"68":0,"69":0,"70":0,"71":0,"72":0,"73":0,"74":0,"75":0,"76":0,"77":0,"78":1,"79":0,"80":0,"81":1},"b":{"1":[1,0],"2":[0,0],"3":[0,0],"4":[0,0],"5":[0,0],"6":[0,0],"7":[0,0],"8":[0,0],"9":[0,0],"10":[0,0],"11":[0,0]},"f":{"1":1,"2":1,"3":1,"4":0,"5":9,"6":0,"7":1,"8":0,"9":0,"10":0,"11":0,"12":0,"13":0,"14":0,"15":0,"16":0,"17":0,"18":0,"19":0,"20":0,"21":0,"22":0,"23":0,"24":0},"fnMap":{"1":{"name":"(anonymous_1)","line":21,"loc":{"start":{"line":21,"column":22},"end":{"line":21,"column":40}}},"2":{"name":"(anonymous_2)","line":27,"loc":{"start":{"line":27,"column":23},"end":{"line":27,"column":41}}},"3":{"name":"(anonymous_3)","line":33,"loc":{"start":{"line":33,"column":44},"end":{"line":33,"column":63}}},"4":{"name":"(anonymous_4)","line":40,"loc":{"start":{"line":40,"column":47},"end":{"line":40,"column":57}},"skip":true},"5":{"name":"(anonymous_5)","line":49,"loc":{"start":{"line":49,"column":21},"end":{"line":49,"column":39}}},"6":{"name":"(anonymous_6)","line":60,"loc":{"start":{"line":60,"column":2},"end":{"line":60,"column":20}},"skip":true},"7":{"name":"(anonymous_7)","line":65,"loc":{"start":{"line":65,"column":22},"end":{"line":65,"column":40}}},"8":{"name":"(anonymous_8)","line":71,"loc":{"start":{"line":71,"column":23},"end":{"line":71,"column":48}},"skip":true},"9":{"name":"(anonymous_9)","line":74,"loc":{"start":{"line":74,"column":4},"end":{"line":74,"column":19}},"skip":true},"10":{"name":"(anonymous_10)","line":75,"loc":{"start":{"line":75,"column":29},"end":{"line":75,"column":48}},"skip":true},"11":{"name":"(anonymous_11)","line":80,"loc":{"start":{"line":80,"column":4},"end":{"line":80,"column":26}},"skip":true},"12":{"name":"(anonymous_12)","line":81,"loc":{"start":{"line":81,"column":41},"end":{"line":81,"column":61}},"skip":true},"13":{"name":"(anonymous_13)","line":88,"loc":{"start":{"line":88,"column":18},"end":{"line":88,"column":32}},"skip":true},"14":{"name":"(anonymous_14)","line":93,"loc":{"start":{"line":93,"column":4},"end":{"line":93,"column":32}},"skip":true},"15":{"name":"(anonymous_15)","line":104,"loc":{"start":{"line":104,"column":42},"end":{"line":104,"column":56}},"skip":true},"16":{"name":"(anonymous_16)","line":110,"loc":{"start":{"line":110,"column":2},"end":{"line":110,"column":16}},"skip":true},"17":{"name":"(anonymous_17)","line":121,"loc":{"start":{"line":121,"column":28},"end":{"line":121,"column":47}},"skip":true},"18":{"name":"(anonymous_18)","line":122,"loc":{"start":{"line":122,"column":100},"end":{"line":122,"column":120}},"skip":true},"19":{"name":"(anonymous_19)","line":137,"loc":{"start":{"line":137,"column":29},"end":{"line":137,"column":48}},"skip":true},"20":{"name":"(anonymous_20)","line":142,"loc":{"start":{"line":142,"column":100},"end":{"line":142,"column":120}},"skip":true},"21":{"name":"(anonymous_21)","line":151,"loc":{"start":{"line":151,"column":40},"end":{"line":151,"column":53}},"skip":true},"22":{"name":"(anonymous_22)","line":158,"loc":{"start":{"line":158,"column":18},"end":{"line":158,"column":32}},"skip":true},"23":{"name":"(anonymous_23)","line":170,"loc":{"start":{"line":170,"column":46},"end":{"line":170,"column":60}},"skip":true},"24":{"name":"(anonymous_24)","line":187,"loc":{"start":{"line":187,"column":22},"end":{"line":187,"column":40}},"skip":true}},"statementMap":{"1":{"start":{"line":1,"column":0},"end":{"line":1,"column":49}},"2":{"start":{"line":2,"column":0},"end":{"line":2,"column":47}},"3":{"start":{"line":3,"column":0},"end":{"line":3,"column":50}},"4":{"start":{"line":4,"column":0},"end":{"line":4,"column":52}},"5":{"start":{"line":5,"column":0},"end":{"line":5,"column":71}},"6":{"start":{"line":6,"column":0},"end":{"line":6,"column":47}},"7":{"start":{"line":7,"column":0},"end":{"line":7,"column":48}},"8":{"start":{"line":8,"column":0},"end":{"line":8,"column":56}},"9":{"start":{"line":11,"column":0},"end":{"line":17,"column":3}},"10":{"start":{"line":21,"column":0},"end":{"line":23,"column":3}},"11":{"start":{"line":22,"column":2},"end":{"line":22,"column":29}},"12":{"start":{"line":27,"column":0},"end":{"line":45,"column":3}},"13":{"start":{"line":28,"column":2},"end":{"line":32,"column":5}},"14":{"start":{"line":33,"column":2},"end":{"line":44,"column":5}},"15":{"start":{"line":36,"column":4},"end":{"line":43,"column":5}},"16":{"start":{"line":37,"column":6},"end":{"line":37,"column":23}},"17":{"start":{"line":38,"column":6},"end":{"line":38,"column":40}},"18":{"start":{"line":40,"column":6},"end":{"line":42,"column":9},"skip":true},"19":{"start":{"line":41,"column":10},"end":{"line":41,"column":28},"skip":true},"20":{"start":{"line":49,"column":0},"end":{"line":51,"column":3}},"21":{"start":{"line":50,"column":2},"end":{"line":50,"column":28}},"22":{"start":{"line":55,"column":0},"end":{"line":61,"column":3}},"23":{"start":{"line":65,"column":0},"end":{"line":67,"column":3}},"24":{"start":{"line":66,"column":3},"end":{"line":66,"column":30}},"25":{"start":{"line":71,"column":0},"end":{"line":117,"column":3},"skip":true},"26":{"start":{"line":72,"column":2},"end":{"line":72,"column":35},"skip":true},"27":{"start":{"line":73,"column":2},"end":{"line":116,"column":5},"skip":true},"28":{"start":{"line":75,"column":6},"end":{"line":78,"column":9},"skip":true},"29":{"start":{"line":76,"column":8},"end":{"line":76,"column":40},"skip":true},"30":{"start":{"line":77,"column":8},"end":{"line":77,"column":25},"skip":true},"31":{"start":{"line":81,"column":6},"end":{"line":91,"column":9},"skip":true},"32":{"start":{"line":82,"column":8},"end":{"line":85,"column":9},"skip":true},"33":{"start":{"line":83,"column":12},"end":{"line":83,"column":29},"skip":true},"34":{"start":{"line":84,"column":10},"end":{"line":84,"column":46},"skip":true},"35":{"start":{"line":86,"column":8},"end":{"line":86,"column":40},"skip":true},"36":{"start":{"line":87,"column":8},"end":{"line":87,"column":57},"skip":true},"37":{"start":{"line":88,"column":8},"end":{"line":90,"column":11},"skip":true},"38":{"start":{"line":89,"column":10},"end":{"line":89,"column":33},"skip":true},"39":{"start":{"line":94,"column":6},"end":{"line":102,"column":8},"skip":true},"40":{"start":{"line":103,"column":8},"end":{"line":103,"column":57},"skip":true},"41":{"start":{"line":104,"column":6},"end":{"line":106,"column":9},"skip":true},"42":{"start":{"line":105,"column":8},"end":{"line":105,"column":26},"skip":true},"43":{"start":{"line":112,"column":4},"end":{"line":114,"column":5},"skip":true},"44":{"start":{"line":113,"column":6},"end":{"line":113,"column":23},"skip":true},"45":{"start":{"line":115,"column":4},"end":{"line":115,"column":31},"skip":true},"46":{"start":{"line":121,"column":0},"end":{"line":133,"column":3},"skip":true},"47":{"start":{"line":122,"column":2},"end":{"line":132,"column":5},"skip":true},"48":{"start":{"line":123,"column":4},"end":{"line":131,"column":5},"skip":true},"49":{"start":{"line":124,"column":6},"end":{"line":124,"column":23},"skip":true},"50":{"start":{"line":126,"column":6},"end":{"line":129,"column":7},"skip":true},"51":{"start":{"line":127,"column":8},"end":{"line":127,"column":78},"skip":true},"52":{"start":{"line":128,"column":8},"end":{"line":128,"column":39},"skip":true},"53":{"start":{"line":130,"column":6},"end":{"line":130,"column":52},"skip":true},"54":{"start":{"line":137,"column":0},"end":{"line":183,"column":3},"skip":true},"55":{"start":{"line":138,"column":2},"end":{"line":141,"column":3},"skip":true},"56":{"start":{"line":139,"column":4},"end":{"line":139,"column":85},"skip":true},"57":{"start":{"line":140,"column":4},"end":{"line":140,"column":32},"skip":true},"58":{"start":{"line":142,"column":2},"end":{"line":182,"column":5},"skip":true},"59":{"start":{"line":144,"column":4},"end":{"line":146,"column":5},"skip":true},"60":{"start":{"line":145,"column":6},"end":{"line":145,"column":23},"skip":true},"61":{"start":{"line":147,"column":4},"end":{"line":150,"column":5},"skip":true},"62":{"start":{"line":148,"column":6},"end":{"line":148,"column":76},"skip":true},"63":{"start":{"line":149,"column":6},"end":{"line":149,"column":34},"skip":true},"64":{"start":{"line":151,"column":4},"end":{"line":181,"column":7},"skip":true},"65":{"start":{"line":153,"column":6},"end":{"line":180,"column":7},"skip":true},"66":{"start":{"line":154,"column":8},"end":{"line":154,"column":25},"skip":true},"67":{"start":{"line":156,"column":8},"end":{"line":156,"column":44},"skip":true},"68":{"start":{"line":157,"column":8},"end":{"line":157,"column":46},"skip":true},"69":{"start":{"line":158,"column":8},"end":{"line":179,"column":11},"skip":true},"70":{"start":{"line":160,"column":8},"end":{"line":162,"column":9},"skip":true},"71":{"start":{"line":161,"column":10},"end":{"line":161,"column":27},"skip":true},"72":{"start":{"line":163,"column":8},"end":{"line":169,"column":10},"skip":true},"73":{"start":{"line":170,"column":10},"end":{"line":178,"column":13},"skip":true},"74":{"start":{"line":172,"column":12},"end":{"line":177,"column":13},"skip":true},"75":{"start":{"line":173,"column":14},"end":{"line":173,"column":31},"skip":true},"76":{"start":{"line":175,"column":14},"end":{"line":175,"column":63},"skip":true},"77":{"start":{"line":176,"column":14},"end":{"line":176,"column":42},"skip":true},"78":{"start":{"line":187,"column":0},"end":{"line":190,"column":3},"skip":true},"79":{"start":{"line":188,"column":4},"end":{"line":188,"column":17},"skip":true},"80":{"start":{"line":189,"column":4},"end":{"line":189,"column":22},"skip":true},"81":{"start":{"line":192,"column":0},"end":{"line":192,"column":24}}},"branchMap":{"1":{"line":36,"type":"if","locations":[{"start":{"line":36,"column":4},"end":{"line":36,"column":4}},{"start":{"line":36,"column":4},"end":{"line":36,"column":4},"skip":true}]},"2":{"line":82,"type":"if","locations":[{"start":{"line":82,"column":8},"end":{"line":82,"column":8},"skip":true},{"start":{"line":82,"column":8},"end":{"line":82,"column":8},"skip":true}]},"3":{"line":112,"type":"if","locations":[{"start":{"line":112,"column":4},"end":{"line":112,"column":4},"skip":true},{"start":{"line":112,"column":4},"end":{"line":112,"column":4},"skip":true}]},"4":{"line":123,"type":"if","locations":[{"start":{"line":123,"column":4},"end":{"line":123,"column":4},"skip":true},{"start":{"line":123,"column":4},"end":{"line":123,"column":4},"skip":true}]},"5":{"line":126,"type":"if","locations":[{"start":{"line":126,"column":6},"end":{"line":126,"column":6},"skip":true},{"start":{"line":126,"column":6},"end":{"line":126,"column":6},"skip":true}]},"6":{"line":138,"type":"if","locations":[{"start":{"line":138,"column":2},"end":{"line":138,"column":2},"skip":true},{"start":{"line":138,"column":2},"end":{"line":138,"column":2},"skip":true}]},"7":{"line":144,"type":"if","locations":[{"start":{"line":144,"column":4},"end":{"line":144,"column":4},"skip":true},{"start":{"line":144,"column":4},"end":{"line":144,"column":4},"skip":true}]},"8":{"line":147,"type":"if","locations":[{"start":{"line":147,"column":4},"end":{"line":147,"column":4},"skip":true},{"start":{"line":147,"column":4},"end":{"line":147,"column":4},"skip":true}]},"9":{"line":153,"type":"if","locations":[{"start":{"line":153,"column":6},"end":{"line":153,"column":6},"skip":true},{"start":{"line":153,"column":6},"end":{"line":153,"column":6},"skip":true}]},"10":{"line":160,"type":"if","locations":[{"start":{"line":160,"column":8},"end":{"line":160,"column":8},"skip":true},{"start":{"line":160,"column":8},"end":{"line":160,"column":8},"skip":true}]},"11":{"line":172,"type":"if","locations":[{"start":{"line":172,"column":12},"end":{"line":172,"column":12},"skip":true},{"start":{"line":172,"column":12},"end":{"line":172,"column":12},"skip":true}]}}}}