{"/home/ubuntu/workspace/app.js":{"path":"/home/ubuntu/workspace/app.js","s":{"1":1,"2":1,"3":1,"4":1,"5":1,"6":1,"7":1,"8":19,"9":19,"10":19,"11":19,"12":1,"13":1,"14":1,"15":1,"16":1,"17":1,"18":19,"19":19,"20":1,"21":1,"22":1,"23":1,"24":1,"25":1,"26":1,"27":1,"28":1,"29":1,"30":0,"31":1,"32":0,"33":1,"34":1,"35":1,"36":1,"37":1},"b":{"1":[1,1]},"f":{"1":19,"2":19,"3":0,"4":0,"5":1},"fnMap":{"1":{"name":"(anonymous_1)","line":33,"loc":{"start":{"line":33,"column":8},"end":{"line":33,"column":32}}},"2":{"name":"(anonymous_2)","line":47,"loc":{"start":{"line":47,"column":8},"end":{"line":47,"column":32}}},"3":{"name":"(anonymous_3)","line":80,"loc":{"start":{"line":80,"column":17},"end":{"line":80,"column":35}}},"4":{"name":"(anonymous_4)","line":85,"loc":{"start":{"line":85,"column":13},"end":{"line":85,"column":31}}},"5":{"name":"(anonymous_5)","line":89,"loc":{"start":{"line":89,"column":45},"end":{"line":89,"column":55}}}},"statementMap":{"1":{"start":{"line":1,"column":0},"end":{"line":10,"column":40}},"2":{"start":{"line":12,"column":0},"end":{"line":12,"column":24}},"3":{"start":{"line":17,"column":0},"end":{"line":17,"column":34}},"4":{"start":{"line":18,"column":0},"end":{"line":18,"column":75}},"5":{"start":{"line":24,"column":0},"end":{"line":28,"column":4}},"6":{"start":{"line":31,"column":0},"end":{"line":31,"column":17}},"7":{"start":{"line":33,"column":0},"end":{"line":38,"column":3}},"8":{"start":{"line":34,"column":4},"end":{"line":34,"column":38}},"9":{"start":{"line":35,"column":4},"end":{"line":35,"column":46}},"10":{"start":{"line":36,"column":4},"end":{"line":36,"column":42}},"11":{"start":{"line":37,"column":4},"end":{"line":37,"column":11}},"12":{"start":{"line":40,"column":0},"end":{"line":40,"column":31}},"13":{"start":{"line":41,"column":0},"end":{"line":41,"column":28}},"14":{"start":{"line":43,"column":0},"end":{"line":43,"column":53}},"15":{"start":{"line":44,"column":0},"end":{"line":44,"column":45}},"16":{"start":{"line":45,"column":0},"end":{"line":45,"column":49}},"17":{"start":{"line":47,"column":0},"end":{"line":50,"column":3}},"18":{"start":{"line":48,"column":4},"end":{"line":48,"column":38}},"19":{"start":{"line":49,"column":4},"end":{"line":49,"column":11}},"20":{"start":{"line":53,"column":0},"end":{"line":55,"column":47}},"21":{"start":{"line":58,"column":0},"end":{"line":58,"column":71}},"22":{"start":{"line":61,"column":0},"end":{"line":61,"column":29}},"23":{"start":{"line":63,"column":0},"end":{"line":63,"column":35}},"24":{"start":{"line":65,"column":0},"end":{"line":69,"column":4}},"25":{"start":{"line":73,"column":0},"end":{"line":73,"column":49}},"26":{"start":{"line":75,"column":0},"end":{"line":75,"column":27}},"27":{"start":{"line":76,"column":0},"end":{"line":76,"column":32}},"28":{"start":{"line":77,"column":0},"end":{"line":77,"column":29}},"29":{"start":{"line":80,"column":0},"end":{"line":82,"column":3}},"30":{"start":{"line":81,"column":4},"end":{"line":81,"column":31}},"31":{"start":{"line":85,"column":0},"end":{"line":87,"column":3}},"32":{"start":{"line":86,"column":4},"end":{"line":86,"column":25}},"33":{"start":{"line":89,"column":0},"end":{"line":93,"column":3}},"34":{"start":{"line":90,"column":4},"end":{"line":90,"column":45}},"35":{"start":{"line":91,"column":4},"end":{"line":91,"column":48}},"36":{"start":{"line":92,"column":4},"end":{"line":92,"column":45}},"37":{"start":{"line":96,"column":0},"end":{"line":96,"column":21}}},"branchMap":{"1":{"line":18,"type":"binary-expr","locations":[{"start":{"line":18,"column":17},"end":{"line":18,"column":40}},{"start":{"line":18,"column":44},"end":{"line":18,"column":73}}]}}},"/home/ubuntu/workspace/models/user.js":{"path":"/home/ubuntu/workspace/models/user.js","s":{"1":1,"2":1,"3":1,"4":1},"b":{},"f":{},"fnMap":{},"statementMap":{"1":{"start":{"line":1,"column":0},"end":{"line":2,"column":65}},"2":{"start":{"line":4,"column":0},"end":{"line":20,"column":3}},"3":{"start":{"line":22,"column":0},"end":{"line":22,"column":41}},"4":{"start":{"line":24,"column":0},"end":{"line":24,"column":52}}},"branchMap":{}},"/home/ubuntu/workspace/routes/recipes.js":{"path":"/home/ubuntu/workspace/routes/recipes.js","s":{"1":1,"2":1,"3":1,"4":1,"5":1,"6":1,"7":1,"8":1,"9":1,"10":1,"11":1,"12":1,"13":1,"14":0,"15":0,"16":0,"17":0,"18":1,"19":1,"20":1,"21":1,"22":1,"23":1,"24":1,"25":0,"26":0,"27":0,"28":1,"29":0,"30":0,"31":0,"32":0,"33":0,"34":0,"35":0,"36":1,"37":0,"38":0,"39":0,"40":0,"41":0,"42":0,"43":0,"44":0,"45":0,"46":0,"47":0,"48":1},"b":{"1":[1,0],"2":[1,0],"3":[1,0],"4":[1,0],"5":[0,0],"6":[0,0],"7":[0,0],"8":[0,0]},"f":{"1":1,"2":1,"3":1,"4":1,"5":1,"6":0,"7":0,"8":0,"9":0,"10":0},"fnMap":{"1":{"name":"(anonymous_1)","line":8,"loc":{"start":{"line":8,"column":16},"end":{"line":8,"column":34}}},"2":{"name":"(anonymous_2)","line":17,"loc":{"start":{"line":17,"column":17},"end":{"line":17,"column":35}}},"3":{"name":"(anonymous_3)","line":23,"loc":{"start":{"line":23,"column":9},"end":{"line":23,"column":27}}},"4":{"name":"(anonymous_4)","line":43,"loc":{"start":{"line":43,"column":33},"end":{"line":43,"column":51}}},"5":{"name":"(anonymous_5)","line":48,"loc":{"start":{"line":48,"column":9},"end":{"line":48,"column":27}}},"6":{"name":"(anonymous_6)","line":62,"loc":{"start":{"line":62,"column":66},"end":{"line":62,"column":84}}},"7":{"name":"(anonymous_7)","line":69,"loc":{"start":{"line":69,"column":38},"end":{"line":69,"column":62}}},"8":{"name":"(anonymous_8)","line":81,"loc":{"start":{"line":81,"column":73},"end":{"line":81,"column":91}}},"9":{"name":"(anonymous_9)","line":83,"loc":{"start":{"line":83,"column":38},"end":{"line":83,"column":64}}},"10":{"name":"(anonymous_10)","line":89,"loc":{"start":{"line":89,"column":35},"end":{"line":89,"column":50}}}},"statementMap":{"1":{"start":{"line":1,"column":0},"end":{"line":5,"column":35}},"2":{"start":{"line":8,"column":0},"end":{"line":11,"column":3}},"3":{"start":{"line":9,"column":4},"end":{"line":9,"column":119}},"4":{"start":{"line":10,"column":4},"end":{"line":10,"column":47}},"5":{"start":{"line":17,"column":0},"end":{"line":40,"column":3}},"6":{"start":{"line":18,"column":4},"end":{"line":18,"column":34}},"7":{"start":{"line":19,"column":4},"end":{"line":19,"column":43}},"8":{"start":{"line":20,"column":4},"end":{"line":39,"column":7}},"9":{"start":{"line":24,"column":8},"end":{"line":38,"column":11}},"10":{"start":{"line":25,"column":12},"end":{"line":25,"column":47}},"11":{"start":{"line":26,"column":12},"end":{"line":26,"column":32}},"12":{"start":{"line":27,"column":16},"end":{"line":33,"column":17}},"13":{"start":{"line":29,"column":19},"end":{"line":29,"column":81}},"14":{"start":{"line":32,"column":19},"end":{"line":32,"column":62}},"15":{"start":{"line":35,"column":12},"end":{"line":35,"column":50}},"16":{"start":{"line":36,"column":12},"end":{"line":36,"column":55}},"17":{"start":{"line":37,"column":12},"end":{"line":37,"column":33}},"18":{"start":{"line":43,"column":0},"end":{"line":59,"column":3}},"19":{"start":{"line":44,"column":4},"end":{"line":44,"column":122}},"20":{"start":{"line":45,"column":4},"end":{"line":58,"column":7}},"21":{"start":{"line":49,"column":8},"end":{"line":57,"column":11}},"22":{"start":{"line":50,"column":12},"end":{"line":50,"column":47}},"23":{"start":{"line":51,"column":12},"end":{"line":51,"column":31}},"24":{"start":{"line":52,"column":12},"end":{"line":52,"column":53}},"25":{"start":{"line":54,"column":12},"end":{"line":54,"column":50}},"26":{"start":{"line":55,"column":12},"end":{"line":55,"column":55}},"27":{"start":{"line":56,"column":12},"end":{"line":56,"column":33}},"28":{"start":{"line":62,"column":0},"end":{"line":78,"column":3}},"29":{"start":{"line":63,"column":4},"end":{"line":68,"column":6}},"30":{"start":{"line":69,"column":4},"end":{"line":77,"column":7}},"31":{"start":{"line":70,"column":8},"end":{"line":76,"column":9}},"32":{"start":{"line":71,"column":12},"end":{"line":71,"column":29}},"33":{"start":{"line":73,"column":12},"end":{"line":73,"column":52}},"34":{"start":{"line":74,"column":12},"end":{"line":74,"column":29}},"35":{"start":{"line":75,"column":12},"end":{"line":75,"column":33}},"36":{"start":{"line":81,"column":0},"end":{"line":100,"column":3}},"37":{"start":{"line":82,"column":4},"end":{"line":82,"column":34}},"38":{"start":{"line":83,"column":4},"end":{"line":99,"column":7}},"39":{"start":{"line":84,"column":8},"end":{"line":84,"column":39}},"40":{"start":{"line":85,"column":8},"end":{"line":98,"column":9}},"41":{"start":{"line":86,"column":12},"end":{"line":97,"column":13}},"42":{"start":{"line":87,"column":16},"end":{"line":96,"column":17}},"43":{"start":{"line":88,"column":20},"end":{"line":88,"column":50}},"44":{"start":{"line":89,"column":20},"end":{"line":95,"column":23}},"45":{"start":{"line":90,"column":24},"end":{"line":94,"column":25}},"46":{"start":{"line":91,"column":28},"end":{"line":91,"column":45}},"47":{"start":{"line":93,"column":28},"end":{"line":93,"column":49}},"48":{"start":{"line":102,"column":0},"end":{"line":102,"column":24}}},"branchMap":{"1":{"line":19,"type":"binary-expr","locations":[{"start":{"line":19,"column":15},"end":{"line":19,"column":37}},{"start":{"line":19,"column":41},"end":{"line":19,"column":42}}]},"2":{"line":24,"type":"if","locations":[{"start":{"line":24,"column":8},"end":{"line":24,"column":8}},{"start":{"line":24,"column":8},"end":{"line":24,"column":8}}]},"3":{"line":27,"type":"if","locations":[{"start":{"line":27,"column":16},"end":{"line":27,"column":16}},{"start":{"line":27,"column":16},"end":{"line":27,"column":16}}]},"4":{"line":49,"type":"if","locations":[{"start":{"line":49,"column":8},"end":{"line":49,"column":8}},{"start":{"line":49,"column":8},"end":{"line":49,"column":8}}]},"5":{"line":70,"type":"if","locations":[{"start":{"line":70,"column":8},"end":{"line":70,"column":8}},{"start":{"line":70,"column":8},"end":{"line":70,"column":8}}]},"6":{"line":85,"type":"if","locations":[{"start":{"line":85,"column":8},"end":{"line":85,"column":8}},{"start":{"line":85,"column":8},"end":{"line":85,"column":8}}]},"7":{"line":87,"type":"if","locations":[{"start":{"line":87,"column":16},"end":{"line":87,"column":16}},{"start":{"line":87,"column":16},"end":{"line":87,"column":16}}]},"8":{"line":90,"type":"if","locations":[{"start":{"line":90,"column":24},"end":{"line":90,"column":24}},{"start":{"line":90,"column":24},"end":{"line":90,"column":24}}]}}},"/home/ubuntu/workspace/middleware/index.js":{"path":"/home/ubuntu/workspace/middleware/index.js","s":{"1":1,"2":1,"3":5,"4":0,"5":5,"6":1},"b":{"1":[0,5]},"f":{"1":5},"fnMap":{"1":{"name":"(anonymous_1)","line":3,"loc":{"start":{"line":3,"column":27},"end":{"line":3,"column":52}}}},"statementMap":{"1":{"start":{"line":1,"column":0},"end":{"line":1,"column":23}},"2":{"start":{"line":3,"column":0},"end":{"line":9,"column":2}},"3":{"start":{"line":4,"column":4},"end":{"line":8,"column":5}},"4":{"start":{"line":5,"column":8},"end":{"line":5,"column":22}},"5":{"start":{"line":7,"column":8},"end":{"line":7,"column":36}},"6":{"start":{"line":11,"column":0},"end":{"line":11,"column":31}}},"branchMap":{"1":{"line":4,"type":"if","locations":[{"start":{"line":4,"column":4},"end":{"line":4,"column":4}},{"start":{"line":4,"column":4},"end":{"line":4,"column":4}}]}}},"/home/ubuntu/workspace/routes/users.js":{"path":"/home/ubuntu/workspace/routes/users.js","s":{"1":1,"2":1,"3":1,"4":1,"5":1,"6":0,"7":0,"8":0,"9":0,"10":1,"11":0,"12":0,"13":0,"14":0,"15":1,"16":0,"17":0,"18":0,"19":0,"20":1,"21":0,"22":0,"23":0,"24":0,"25":0,"26":0,"27":1},"b":{"1":[0,0],"2":[0,0],"3":[0,0],"4":[0,0]},"f":{"1":0,"2":0,"3":0,"4":0,"5":0,"6":0,"7":0,"8":0},"fnMap":{"1":{"name":"(anonymous_1)","line":6,"loc":{"start":{"line":6,"column":47},"end":{"line":6,"column":65}}},"2":{"name":"(anonymous_2)","line":8,"loc":{"start":{"line":8,"column":34},"end":{"line":8,"column":58}}},"3":{"name":"(anonymous_3)","line":20,"loc":{"start":{"line":20,"column":56},"end":{"line":20,"column":74}}},"4":{"name":"(anonymous_4)","line":22,"loc":{"start":{"line":22,"column":34},"end":{"line":22,"column":58}}},"5":{"name":"(anonymous_5)","line":34,"loc":{"start":{"line":34,"column":54},"end":{"line":34,"column":72}}},"6":{"name":"(anonymous_6)","line":36,"loc":{"start":{"line":36,"column":34},"end":{"line":36,"column":58}}},"7":{"name":"(anonymous_7)","line":48,"loc":{"start":{"line":48,"column":54},"end":{"line":48,"column":72}}},"8":{"name":"(anonymous_8)","line":57,"loc":{"start":{"line":57,"column":60},"end":{"line":57,"column":86}}}},"statementMap":{"1":{"start":{"line":1,"column":0},"end":{"line":1,"column":37}},"2":{"start":{"line":2,"column":0},"end":{"line":2,"column":35}},"3":{"start":{"line":3,"column":0},"end":{"line":3,"column":44}},"4":{"start":{"line":4,"column":0},"end":{"line":4,"column":43}},"5":{"start":{"line":6,"column":0},"end":{"line":16,"column":3}},"6":{"start":{"line":8,"column":4},"end":{"line":14,"column":7}},"7":{"start":{"line":9,"column":8},"end":{"line":13,"column":9}},"8":{"start":{"line":10,"column":12},"end":{"line":10,"column":29}},"9":{"start":{"line":12,"column":12},"end":{"line":12,"column":58}},"10":{"start":{"line":20,"column":0},"end":{"line":30,"column":3}},"11":{"start":{"line":22,"column":4},"end":{"line":28,"column":7}},"12":{"start":{"line":23,"column":8},"end":{"line":27,"column":9}},"13":{"start":{"line":24,"column":12},"end":{"line":24,"column":29}},"14":{"start":{"line":26,"column":12},"end":{"line":26,"column":59}},"15":{"start":{"line":34,"column":0},"end":{"line":44,"column":3}},"16":{"start":{"line":36,"column":4},"end":{"line":42,"column":7}},"17":{"start":{"line":37,"column":8},"end":{"line":41,"column":9}},"18":{"start":{"line":38,"column":12},"end":{"line":38,"column":29}},"19":{"start":{"line":40,"column":12},"end":{"line":40,"column":55}},"20":{"start":{"line":48,"column":0},"end":{"line":66,"column":3}},"21":{"start":{"line":50,"column":4},"end":{"line":55,"column":6}},"22":{"start":{"line":57,"column":4},"end":{"line":64,"column":7}},"23":{"start":{"line":58,"column":8},"end":{"line":63,"column":9}},"24":{"start":{"line":59,"column":12},"end":{"line":59,"column":29}},"25":{"start":{"line":60,"column":12},"end":{"line":60,"column":33}},"26":{"start":{"line":62,"column":12},"end":{"line":62,"column":59}},"27":{"start":{"line":68,"column":0},"end":{"line":68,"column":24}}},"branchMap":{"1":{"line":9,"type":"if","locations":[{"start":{"line":9,"column":8},"end":{"line":9,"column":8}},{"start":{"line":9,"column":8},"end":{"line":9,"column":8}}]},"2":{"line":23,"type":"if","locations":[{"start":{"line":23,"column":8},"end":{"line":23,"column":8}},{"start":{"line":23,"column":8},"end":{"line":23,"column":8}}]},"3":{"line":37,"type":"if","locations":[{"start":{"line":37,"column":8},"end":{"line":37,"column":8}},{"start":{"line":37,"column":8},"end":{"line":37,"column":8}}]},"4":{"line":58,"type":"if","locations":[{"start":{"line":58,"column":8},"end":{"line":58,"column":8}},{"start":{"line":58,"column":8},"end":{"line":58,"column":8}}]}}},"/home/ubuntu/workspace/routes/auth.js":{"path":"/home/ubuntu/workspace/routes/auth.js","s":{"1":1,"2":1,"3":1,"4":1,"5":1,"6":1,"7":1,"8":1,"9":1,"10":1,"11":1,"12":1,"13":0,"14":0,"15":0,"16":0,"17":0,"18":0,"19":0,"20":1,"21":6,"22":1,"23":1,"24":1,"25":1,"26":0,"27":0,"28":0,"29":0,"30":0,"31":0,"32":0,"33":0,"34":0,"35":0,"36":0,"37":0,"38":0,"39":0,"40":0,"41":0,"42":0,"43":0,"44":0,"45":0,"46":1,"47":0,"48":0,"49":0,"50":0,"51":0,"52":0,"53":0,"54":1,"55":0,"56":0,"57":0,"58":0,"59":0,"60":0,"61":0,"62":0,"63":0,"64":0,"65":0,"66":0,"67":0,"68":0,"69":0,"70":0,"71":0,"72":0,"73":0,"74":0,"75":0,"76":0,"77":0,"78":0,"79":1,"80":0,"81":0,"82":1},"b":{"1":[0,0],"2":[0,0],"3":[0,0],"4":[0,0],"5":[0,0],"6":[0,0],"7":[0,0],"8":[0,0],"9":[0,0],"10":[0,0],"11":[0,0]},"f":{"1":1,"2":0,"3":0,"4":0,"5":6,"6":0,"7":1,"8":0,"9":0,"10":0,"11":0,"12":0,"13":0,"14":0,"15":0,"16":0,"17":0,"18":0,"19":0,"20":0,"21":0,"22":0,"23":0,"24":0},"fnMap":{"1":{"name":"(anonymous_1)","line":21,"loc":{"start":{"line":21,"column":22},"end":{"line":21,"column":40}}},"2":{"name":"(anonymous_2)","line":27,"loc":{"start":{"line":27,"column":23},"end":{"line":27,"column":41}}},"3":{"name":"(anonymous_3)","line":33,"loc":{"start":{"line":33,"column":44},"end":{"line":33,"column":63}}},"4":{"name":"(anonymous_4)","line":38,"loc":{"start":{"line":38,"column":47},"end":{"line":38,"column":57}}},"5":{"name":"(anonymous_5)","line":47,"loc":{"start":{"line":47,"column":21},"end":{"line":47,"column":39}}},"6":{"name":"(anonymous_6)","line":56,"loc":{"start":{"line":56,"column":6},"end":{"line":56,"column":24}}},"7":{"name":"(anonymous_7)","line":61,"loc":{"start":{"line":61,"column":22},"end":{"line":61,"column":40}}},"8":{"name":"(anonymous_8)","line":67,"loc":{"start":{"line":67,"column":23},"end":{"line":67,"column":48}}},"9":{"name":"(anonymous_9)","line":70,"loc":{"start":{"line":70,"column":4},"end":{"line":70,"column":19}}},"10":{"name":"(anonymous_10)","line":71,"loc":{"start":{"line":71,"column":29},"end":{"line":71,"column":48}}},"11":{"name":"(anonymous_11)","line":76,"loc":{"start":{"line":76,"column":4},"end":{"line":76,"column":26}}},"12":{"name":"(anonymous_12)","line":77,"loc":{"start":{"line":77,"column":41},"end":{"line":77,"column":61}}},"13":{"name":"(anonymous_13)","line":84,"loc":{"start":{"line":84,"column":18},"end":{"line":84,"column":32}}},"14":{"name":"(anonymous_14)","line":89,"loc":{"start":{"line":89,"column":4},"end":{"line":89,"column":32}}},"15":{"name":"(anonymous_15)","line":100,"loc":{"start":{"line":100,"column":42},"end":{"line":100,"column":56}}},"16":{"name":"(anonymous_16)","line":104,"loc":{"start":{"line":104,"column":5},"end":{"line":104,"column":19}}},"17":{"name":"(anonymous_17)","line":111,"loc":{"start":{"line":111,"column":28},"end":{"line":111,"column":47}}},"18":{"name":"(anonymous_18)","line":112,"loc":{"start":{"line":112,"column":100},"end":{"line":112,"column":120}}},"19":{"name":"(anonymous_19)","line":127,"loc":{"start":{"line":127,"column":29},"end":{"line":127,"column":48}}},"20":{"name":"(anonymous_20)","line":132,"loc":{"start":{"line":132,"column":100},"end":{"line":132,"column":120}}},"21":{"name":"(anonymous_21)","line":141,"loc":{"start":{"line":141,"column":40},"end":{"line":141,"column":53}}},"22":{"name":"(anonymous_22)","line":147,"loc":{"start":{"line":147,"column":18},"end":{"line":147,"column":32}}},"23":{"name":"(anonymous_23)","line":158,"loc":{"start":{"line":158,"column":46},"end":{"line":158,"column":60}}},"24":{"name":"(anonymous_24)","line":174,"loc":{"start":{"line":174,"column":22},"end":{"line":174,"column":40}}}},"statementMap":{"1":{"start":{"line":1,"column":0},"end":{"line":1,"column":49}},"2":{"start":{"line":2,"column":0},"end":{"line":2,"column":47}},"3":{"start":{"line":3,"column":0},"end":{"line":3,"column":50}},"4":{"start":{"line":4,"column":0},"end":{"line":4,"column":52}},"5":{"start":{"line":5,"column":0},"end":{"line":5,"column":71}},"6":{"start":{"line":6,"column":0},"end":{"line":6,"column":47}},"7":{"start":{"line":7,"column":0},"end":{"line":7,"column":48}},"8":{"start":{"line":8,"column":0},"end":{"line":8,"column":56}},"9":{"start":{"line":11,"column":0},"end":{"line":17,"column":3}},"10":{"start":{"line":21,"column":0},"end":{"line":23,"column":3}},"11":{"start":{"line":22,"column":2},"end":{"line":22,"column":29}},"12":{"start":{"line":27,"column":0},"end":{"line":43,"column":3}},"13":{"start":{"line":28,"column":2},"end":{"line":32,"column":5}},"14":{"start":{"line":33,"column":2},"end":{"line":42,"column":5}},"15":{"start":{"line":34,"column":4},"end":{"line":41,"column":5}},"16":{"start":{"line":35,"column":6},"end":{"line":35,"column":23}},"17":{"start":{"line":36,"column":6},"end":{"line":36,"column":40}},"18":{"start":{"line":38,"column":6},"end":{"line":40,"column":9}},"19":{"start":{"line":39,"column":10},"end":{"line":39,"column":28}},"20":{"start":{"line":47,"column":0},"end":{"line":49,"column":3}},"21":{"start":{"line":48,"column":2},"end":{"line":48,"column":28}},"22":{"start":{"line":53,"column":0},"end":{"line":57,"column":3}},"23":{"start":{"line":61,"column":0},"end":{"line":63,"column":3}},"24":{"start":{"line":62,"column":3},"end":{"line":62,"column":30}},"25":{"start":{"line":67,"column":0},"end":{"line":108,"column":3}},"26":{"start":{"line":68,"column":2},"end":{"line":68,"column":35}},"27":{"start":{"line":69,"column":2},"end":{"line":107,"column":5}},"28":{"start":{"line":71,"column":6},"end":{"line":74,"column":9}},"29":{"start":{"line":72,"column":8},"end":{"line":72,"column":40}},"30":{"start":{"line":73,"column":8},"end":{"line":73,"column":25}},"31":{"start":{"line":77,"column":6},"end":{"line":87,"column":9}},"32":{"start":{"line":78,"column":8},"end":{"line":81,"column":9}},"33":{"start":{"line":79,"column":12},"end":{"line":79,"column":29}},"34":{"start":{"line":80,"column":10},"end":{"line":80,"column":46}},"35":{"start":{"line":82,"column":8},"end":{"line":82,"column":40}},"36":{"start":{"line":83,"column":8},"end":{"line":83,"column":57}},"37":{"start":{"line":84,"column":8},"end":{"line":86,"column":11}},"38":{"start":{"line":85,"column":10},"end":{"line":85,"column":33}},"39":{"start":{"line":90,"column":6},"end":{"line":98,"column":8}},"40":{"start":{"line":99,"column":8},"end":{"line":99,"column":57}},"41":{"start":{"line":100,"column":6},"end":{"line":102,"column":9}},"42":{"start":{"line":101,"column":8},"end":{"line":101,"column":26}},"43":{"start":{"line":105,"column":4},"end":{"line":105,"column":30}},"44":{"start":{"line":105,"column":13},"end":{"line":105,"column":30}},"45":{"start":{"line":106,"column":4},"end":{"line":106,"column":31}},"46":{"start":{"line":111,"column":0},"end":{"line":123,"column":3}},"47":{"start":{"line":112,"column":2},"end":{"line":122,"column":5}},"48":{"start":{"line":113,"column":4},"end":{"line":121,"column":5}},"49":{"start":{"line":114,"column":6},"end":{"line":114,"column":23}},"50":{"start":{"line":116,"column":6},"end":{"line":119,"column":7}},"51":{"start":{"line":117,"column":8},"end":{"line":117,"column":78}},"52":{"start":{"line":118,"column":8},"end":{"line":118,"column":39}},"53":{"start":{"line":120,"column":6},"end":{"line":120,"column":52}},"54":{"start":{"line":127,"column":0},"end":{"line":170,"column":3}},"55":{"start":{"line":128,"column":2},"end":{"line":131,"column":3}},"56":{"start":{"line":129,"column":4},"end":{"line":129,"column":85}},"57":{"start":{"line":130,"column":4},"end":{"line":130,"column":32}},"58":{"start":{"line":132,"column":2},"end":{"line":169,"column":5}},"59":{"start":{"line":133,"column":4},"end":{"line":135,"column":5}},"60":{"start":{"line":134,"column":6},"end":{"line":134,"column":23}},"61":{"start":{"line":136,"column":4},"end":{"line":139,"column":5}},"62":{"start":{"line":137,"column":6},"end":{"line":137,"column":76}},"63":{"start":{"line":138,"column":6},"end":{"line":138,"column":34}},"64":{"start":{"line":140,"column":4},"end":{"line":140,"column":35}},"65":{"start":{"line":141,"column":4},"end":{"line":168,"column":7}},"66":{"start":{"line":142,"column":6},"end":{"line":167,"column":7}},"67":{"start":{"line":143,"column":8},"end":{"line":143,"column":25}},"68":{"start":{"line":145,"column":8},"end":{"line":145,"column":44}},"69":{"start":{"line":146,"column":8},"end":{"line":146,"column":46}},"70":{"start":{"line":147,"column":8},"end":{"line":166,"column":11}},"71":{"start":{"line":148,"column":8},"end":{"line":150,"column":9}},"72":{"start":{"line":149,"column":10},"end":{"line":149,"column":27}},"73":{"start":{"line":151,"column":8},"end":{"line":157,"column":10}},"74":{"start":{"line":158,"column":10},"end":{"line":165,"column":13}},"75":{"start":{"line":159,"column":12},"end":{"line":164,"column":13}},"76":{"start":{"line":160,"column":14},"end":{"line":160,"column":31}},"77":{"start":{"line":162,"column":14},"end":{"line":162,"column":63}},"78":{"start":{"line":163,"column":14},"end":{"line":163,"column":42}},"79":{"start":{"line":174,"column":0},"end":{"line":177,"column":3}},"80":{"start":{"line":175,"column":4},"end":{"line":175,"column":17}},"81":{"start":{"line":176,"column":4},"end":{"line":176,"column":22}},"82":{"start":{"line":179,"column":0},"end":{"line":179,"column":24}}},"branchMap":{"1":{"line":34,"type":"if","locations":[{"start":{"line":34,"column":4},"end":{"line":34,"column":4}},{"start":{"line":34,"column":4},"end":{"line":34,"column":4}}]},"2":{"line":78,"type":"if","locations":[{"start":{"line":78,"column":8},"end":{"line":78,"column":8}},{"start":{"line":78,"column":8},"end":{"line":78,"column":8}}]},"3":{"line":105,"type":"if","locations":[{"start":{"line":105,"column":4},"end":{"line":105,"column":4}},{"start":{"line":105,"column":4},"end":{"line":105,"column":4}}]},"4":{"line":113,"type":"if","locations":[{"start":{"line":113,"column":4},"end":{"line":113,"column":4}},{"start":{"line":113,"column":4},"end":{"line":113,"column":4}}]},"5":{"line":116,"type":"if","locations":[{"start":{"line":116,"column":6},"end":{"line":116,"column":6}},{"start":{"line":116,"column":6},"end":{"line":116,"column":6}}]},"6":{"line":128,"type":"if","locations":[{"start":{"line":128,"column":2},"end":{"line":128,"column":2}},{"start":{"line":128,"column":2},"end":{"line":128,"column":2}}]},"7":{"line":133,"type":"if","locations":[{"start":{"line":133,"column":4},"end":{"line":133,"column":4}},{"start":{"line":133,"column":4},"end":{"line":133,"column":4}}]},"8":{"line":136,"type":"if","locations":[{"start":{"line":136,"column":4},"end":{"line":136,"column":4}},{"start":{"line":136,"column":4},"end":{"line":136,"column":4}}]},"9":{"line":142,"type":"if","locations":[{"start":{"line":142,"column":6},"end":{"line":142,"column":6}},{"start":{"line":142,"column":6},"end":{"line":142,"column":6}}]},"10":{"line":148,"type":"if","locations":[{"start":{"line":148,"column":8},"end":{"line":148,"column":8}},{"start":{"line":148,"column":8},"end":{"line":148,"column":8}}]},"11":{"line":159,"type":"if","locations":[{"start":{"line":159,"column":12},"end":{"line":159,"column":12}},{"start":{"line":159,"column":12},"end":{"line":159,"column":12}}]}}}}