TN:
SF:/home/ubuntu/workspace/app.js
FN:36,(anonymous_1)
FN:50,(anonymous_2)
FN:83,(anonymous_3)
FN:88,(anonymous_4)
FN:92,(anonymous_5)
FNF:5
FNH:4
FNDA:28,(anonymous_1)
FNDA:28,(anonymous_2)
FNDA:0,(anonymous_3)
FNDA:1,(anonymous_4)
FNDA:1,(anonymous_5)
DA:1,1
DA:13,1
DA:15,1
DA:20,1
DA:21,1
DA:27,1
DA:34,1
DA:36,1
DA:37,28
DA:38,28
DA:39,28
DA:40,28
DA:43,1
DA:44,1
DA:46,1
DA:47,1
DA:48,1
DA:50,1
DA:51,28
DA:52,28
DA:56,1
DA:61,1
DA:64,1
DA:66,1
DA:68,1
DA:76,1
DA:78,1
DA:79,1
DA:80,1
DA:83,1
DA:84,0
DA:88,1
DA:89,1
DA:92,1
DA:93,1
DA:94,1
DA:95,1
DA:99,1
LF:38
LH:37
BRDA:21,1,0,1
BRDA:21,1,1,1
BRF:2
BRH:2
end_of_record
TN:
SF:/home/ubuntu/workspace/models/user.js
FNF:0
FNH:0
DA:1,1
DA:4,1
DA:22,1
DA:24,1
LF:4
LH:4
BRF:0
BRH:0
end_of_record
TN:
SF:/home/ubuntu/workspace/routes/recipes.js
FN:8,(anonymous_1)
FN:17,(anonymous_2)
FN:23,(anonymous_3)
FN:44,(anonymous_4)
FN:49,(anonymous_5)
FN:72,(anonymous_6)
FN:79,(anonymous_7)
FN:93,(anonymous_8)
FN:95,(anonymous_9)
FN:101,(anonymous_10)
FNF:10
FNH:10
FNDA:3,(anonymous_1)
FNDA:2,(anonymous_2)
FNDA:2,(anonymous_3)
FNDA:2,(anonymous_4)
FNDA:2,(anonymous_5)
FNDA:0,(anonymous_6)
FNDA:0,(anonymous_7)
FNDA:0,(anonymous_8)
FNDA:0,(anonymous_9)
FNDA:0,(anonymous_10)
DA:1,1
DA:8,1
DA:9,3
DA:10,3
DA:17,1
DA:18,2
DA:19,2
DA:20,2
DA:25,2
DA:26,2
DA:27,2
DA:28,2
DA:30,1
DA:33,1
DA:36,1
DA:37,1
DA:38,1
DA:44,1
DA:45,2
DA:46,2
DA:50,2
DA:52,2
DA:53,2
DA:54,2
DA:55,2
DA:57,1
DA:60,1
DA:63,1
DA:64,1
DA:65,1
DA:72,1
DA:73,1
DA:79,1
DA:81,1
DA:82,1
DA:84,1
DA:85,1
DA:86,1
DA:93,1
DA:94,1
DA:95,1
DA:96,1
DA:97,1
DA:98,1
DA:99,1
DA:100,1
DA:101,1
DA:103,1
DA:104,1
DA:106,1
DA:115,1
LF:51
LH:51
BRDA:19,1,0,2
BRDA:19,1,1,0
BRDA:25,2,0,2
BRDA:25,2,1,0
BRDA:28,3,0,1
BRDA:28,3,1,1
BRDA:52,4,0,2
BRDA:52,4,1,0
BRDA:55,5,0,1
BRDA:55,5,1,1
BRDA:81,6,0,0
BRDA:81,6,1,0
BRDA:97,7,0,0
BRDA:97,7,1,0
BRDA:99,8,0,0
BRDA:99,8,1,0
BRDA:103,9,0,0
BRDA:103,9,1,0
BRF:18
BRH:17
end_of_record
TN:
SF:/home/ubuntu/workspace/middleware/index.js
FN:3,(anonymous_1)
FNF:1
FNH:1
FNDA:6,(anonymous_1)
DA:1,1
DA:3,1
DA:4,6
DA:5,0
DA:7,6
DA:11,1
LF:6
LH:5
BRDA:4,1,0,0
BRDA:4,1,1,6
BRF:2
BRH:1
end_of_record
TN:
SF:/home/ubuntu/workspace/routes/users.js
FN:8,(anonymous_1)
FN:10,(anonymous_2)
FN:23,(anonymous_3)
FN:25,(anonymous_4)
FN:38,(anonymous_5)
FN:40,(anonymous_6)
FN:53,(anonymous_7)
FN:62,(anonymous_8)
FN:76,(anonymous_9)
FN:77,(anonymous_10)
FNF:10
FNH:10
FNDA:0,(anonymous_1)
FNDA:0,(anonymous_2)
FNDA:0,(anonymous_3)
FNDA:0,(anonymous_4)
FNDA:0,(anonymous_5)
FNDA:0,(anonymous_6)
FNDA:0,(anonymous_7)
FNDA:0,(anonymous_8)
FNDA:0,(anonymous_9)
FNDA:0,(anonymous_10)
DA:1,1
DA:2,1
DA:3,1
DA:4,1
DA:8,1
DA:10,1
DA:12,1
DA:13,1
DA:15,1
DA:23,1
DA:25,1
DA:27,1
DA:28,1
DA:30,1
DA:38,1
DA:40,1
DA:42,1
DA:43,1
DA:45,1
DA:53,1
DA:55,1
DA:62,1
DA:64,1
DA:65,1
DA:66,1
DA:68,1
DA:76,1
DA:77,1
DA:79,1
DA:80,1
DA:81,1
DA:83,1
DA:88,1
LF:33
LH:33
BRDA:12,1,0,0
BRDA:12,1,1,0
BRDA:27,2,0,0
BRDA:27,2,1,0
BRDA:42,3,0,0
BRDA:42,3,1,0
BRDA:64,4,0,0
BRDA:64,4,1,0
BRDA:79,5,0,0
BRDA:79,5,1,0
BRF:10
BRH:10
end_of_record
TN:
SF:/home/ubuntu/workspace/routes/auth.js
FN:21,(anonymous_1)
FN:27,(anonymous_2)
FN:33,(anonymous_3)
FN:40,(anonymous_4)
FN:49,(anonymous_5)
FN:60,(anonymous_6)
FN:65,(anonymous_7)
FN:71,(anonymous_8)
FN:74,(anonymous_9)
FN:75,(anonymous_10)
FN:80,(anonymous_11)
FN:81,(anonymous_12)
FN:88,(anonymous_13)
FN:93,(anonymous_14)
FN:104,(anonymous_15)
FN:110,(anonymous_16)
FN:121,(anonymous_17)
FN:122,(anonymous_18)
FN:137,(anonymous_19)
FN:142,(anonymous_20)
FN:152,(anonymous_21)
FN:159,(anonymous_22)
FN:171,(anonymous_23)
FN:188,(anonymous_24)
FNF:24
FNH:24
FNDA:1,(anonymous_1)
FNDA:1,(anonymous_2)
FNDA:1,(anonymous_3)
FNDA:0,(anonymous_4)
FNDA:7,(anonymous_5)
FNDA:0,(anonymous_6)
FNDA:1,(anonymous_7)
FNDA:0,(anonymous_8)
FNDA:0,(anonymous_9)
FNDA:0,(anonymous_10)
FNDA:0,(anonymous_11)
FNDA:0,(anonymous_12)
FNDA:0,(anonymous_13)
FNDA:0,(anonymous_14)
FNDA:0,(anonymous_15)
FNDA:0,(anonymous_16)
FNDA:0,(anonymous_17)
FNDA:0,(anonymous_18)
FNDA:0,(anonymous_19)
FNDA:0,(anonymous_20)
FNDA:0,(anonymous_21)
FNDA:0,(anonymous_22)
FNDA:0,(anonymous_23)
FNDA:0,(anonymous_24)
DA:1,1
DA:2,1
DA:3,1
DA:4,1
DA:5,1
DA:6,1
DA:7,1
DA:8,1
DA:11,1
DA:21,1
DA:22,1
DA:27,1
DA:28,1
DA:33,1
DA:36,1
DA:37,1
DA:38,1
DA:40,1
DA:41,1
DA:49,1
DA:50,7
DA:55,1
DA:65,1
DA:66,1
DA:71,1
DA:72,1
DA:73,1
DA:75,1
DA:76,1
DA:77,1
DA:81,1
DA:82,1
DA:83,1
DA:84,1
DA:86,1
DA:87,1
DA:88,1
DA:89,1
DA:94,1
DA:103,1
DA:104,1
DA:105,1
DA:112,1
DA:113,1
DA:115,1
DA:121,1
DA:122,1
DA:123,1
DA:124,1
DA:126,1
DA:127,1
DA:128,1
DA:130,1
DA:137,1
DA:138,1
DA:139,1
DA:140,1
DA:142,1
DA:144,1
DA:145,1
DA:147,1
DA:148,1
DA:149,1
DA:151,1
DA:152,1
DA:154,1
DA:155,1
DA:157,1
DA:158,1
DA:159,1
DA:161,1
DA:162,1
DA:164,1
DA:171,1
DA:173,1
DA:174,1
DA:176,1
DA:177,1
DA:188,1
DA:189,1
DA:190,1
DA:193,1
LF:82
LH:82
BRDA:36,1,0,1
BRDA:36,1,1,0
BRDA:82,2,0,0
BRDA:82,2,1,0
BRDA:112,3,0,0
BRDA:112,3,1,0
BRDA:123,4,0,0
BRDA:123,4,1,0
BRDA:126,5,0,0
BRDA:126,5,1,0
BRDA:138,6,0,0
BRDA:138,6,1,0
BRDA:144,7,0,0
BRDA:144,7,1,0
BRDA:147,8,0,0
BRDA:147,8,1,0
BRDA:154,9,0,0
BRDA:154,9,1,0
BRDA:161,10,0,0
BRDA:161,10,1,0
BRDA:173,11,0,0
BRDA:173,11,1,0
BRF:22
BRH:22
end_of_record
